app/build/outputs/logs/manifest-merger-debug-report.txt
-- Merging decision tree log ---
manifest
ADDED from src\main\AndroidManifest.xml:2:1-112:12
	package
		ADDED from src\main\AndroidManifest.xml:3:5-35
		INJECTED from src\main\AndroidManifest.xml
		INJECTED from src\main\AndroidManifest.xml
	android:versionName
		ADDED from src\main\AndroidManifest.xml:5:5-30
		INJECTED from src\main\AndroidManifest.xml
		INJECTED from src\main\AndroidManifest.xml
	android:versionCode
		ADDED from src\main\AndroidManifest.xml:4:5-28
		INJECTED from src\main\AndroidManifest.xml
		INJECTED from src\main\AndroidManifest.xml
	xmlns:android
		ADDED from src\main\AndroidManifest.xml:2:11-69
	android:largeHeap
		ADDED from src\main\AndroidManifest.xml:6:5-29
uses-sdk
ADDED from src\main\AndroidManifest.xml:8:5-10:41
MERGED from [com.android.support:support-v4:23.4.0] AndroidManifest.xml:20:5-43
	android:targetSdkVersion
		ADDED from src\main\AndroidManifest.xml:10:9-38
		INJECTED from src\main\AndroidManifest.xml
		INJECTED from src\main\AndroidManifest.xml
	android:minSdkVersion
		ADDED from src\main\AndroidManifest.xml:9:9-35
		INJECTED from src\main\AndroidManifest.xml
		INJECTED from src\main\AndroidManifest.xml
uses-permission#android.permission.INTERNET
ADDED from src\main\AndroidManifest.xml:12:5-13:23
	android:name
		ADDED from src\main\AndroidManifest.xml:12:22-64
uses-permission#android.permission.WAKE_LOCK
ADDED from src\main\AndroidManifest.xml:14:5-15:23
	android:name
		ADDED from src\main\AndroidManifest.xml:14:22-65
uses-permission#android.permission.BLUETOOTH_ADMIN
ADDED from src\main\AndroidManifest.xml:16:5-74
	android:name
		ADDED from src\main\AndroidManifest.xml:16:22-71
uses-permission#android.permission.BLUETOOTH
ADDED from src\main\AndroidManifest.xml:17:5-68
	android:name
		ADDED from src\main\AndroidManifest.xml:17:22-65
uses-permission#android.permission.WRITE_EXTERNAL_STORAGE
ADDED from src\main\AndroidManifest.xml:18:5-81
	android:name
		ADDED from src\main\AndroidManifest.xml:18:22-78
uses-permission#android.permission.VIBRATE
ADDED from src\main\AndroidManifest.xml:20:5-66
	android:name
		ADDED from src\main\AndroidManifest.xml:20:22-63
uses-permission#android.permission.CAMERA
ADDED from src\main\AndroidManifest.xml:21:5-65
	android:name
		ADDED from src\main\AndroidManifest.xml:21:22-62
uses-permission#android.permission.ACCESS_FINE_LOCATION
ADDED from src\main\AndroidManifest.xml:22:5-79
	android:name
		ADDED from src\main\AndroidManifest.xml:22:22-76
uses-permission#android.permission.ACCESS_COARSE_LOCATION
ADDED from src\main\AndroidManifest.xml:23:5-81
	android:name
		ADDED from src\main\AndroidManifest.xml:23:22-78
uses-permission#android.permission.CALL_PHONE
ADDED from src\main\AndroidManifest.xml:24:5-69
	android:name
		ADDED from src\main\AndroidManifest.xml:24:22-66
uses-permission#android.permission.READ_PHONE_STATE
ADDED from src\main\AndroidManifest.xml:25:5-75
	android:name
		ADDED from src\main\AndroidManifest.xml:25:22-72
uses-permission#android.permission.ACCESS_WIFI_STATE
ADDED from src\main\AndroidManifest.xml:26:5-76
	android:name
		ADDED from src\main\AndroidManifest.xml:26:22-73
uses-permission#android.permission.ACCESS_NETWORK_STATE
ADDED from src\main\AndroidManifest.xml:27:5-79
	android:name
		ADDED from src\main\AndroidManifest.xml:27:22-76
application
ADDED from src\main\AndroidManifest.xml:29:5-110:19
MERGED from [com.android.support:support-v4:23.4.0] AndroidManifest.xml:22:5-20
	android:label
		ADDED from src\main\AndroidManifest.xml:32:9-41
	android:allowBackup
		ADDED from src\main\AndroidManifest.xml:30:9-35
	android:icon
		ADDED from src\main\AndroidManifest.xml:31:9-45
	android:theme
		ADDED from src\main\AndroidManifest.xml:33:9-40
activity#com.lik.android.main.LikSysActivity
ADDED from src\main\AndroidManifest.xml:34:9-45:20
	android:screenOrientation
		ADDED from src\main\AndroidManifest.xml:37:13-49
	android:label
		ADDED from src\main\AndroidManifest.xml:36:13-45
	android:windowSoftInputMode
		ADDED from src\main\AndroidManifest.xml:39:13-54
	android:theme
		ADDED from src\main\AndroidManifest.xml:38:13-60
	android:name
		ADDED from src\main\AndroidManifest.xml:35:13-43
intent-filter#android.intent.action.MAIN+android.intent.category.LAUNCHER
ADDED from src\main\AndroidManifest.xml:40:13-44:29
action#android.intent.action.MAIN
ADDED from src\main\AndroidManifest.xml:41:17-69
	android:name
		ADDED from src\main\AndroidManifest.xml:41:25-66
category#android.intent.category.LAUNCHER
ADDED from src\main\AndroidManifest.xml:43:17-77
	android:name
		ADDED from src\main\AndroidManifest.xml:43:27-74
activity#com.lik.android.main.MainMenuActivity
ADDED from src\main\AndroidManifest.xml:46:9-53:20
	android:screenOrientation
		ADDED from src\main\AndroidManifest.xml:49:13-49
	android:label
		ADDED from src\main\AndroidManifest.xml:48:13-45
	android:windowSoftInputMode
		ADDED from src\main\AndroidManifest.xml:52:13-52
	android:configChanges
		ADDED from src\main\AndroidManifest.xml:51:13-74
	android:theme
		ADDED from src\main\AndroidManifest.xml:50:13-60
	android:name
		ADDED from src\main\AndroidManifest.xml:47:13-45
activity#com.lik.android.main.LoginActivity
ADDED from src\main\AndroidManifest.xml:54:4-60:20
	android:screenOrientation
		ADDED from src\main\AndroidManifest.xml:57:13-49
	android:label
		ADDED from src\main\AndroidManifest.xml:56:13-45
	android:windowSoftInputMode
		ADDED from src\main\AndroidManifest.xml:59:13-54
	android:theme
		ADDED from src\main\AndroidManifest.xml:58:13-60
	android:name
		ADDED from src\main\AndroidManifest.xml:55:13-42
service#com.lik.android.main.LikSysInitIntentService
ADDED from src\main\AndroidManifest.xml:61:9-62:19
	android:name
		ADDED from src\main\AndroidManifest.xml:61:18-57
service#com.lik.android.main.LikSysCoreDataDownloadAdvViewIntentService
ADDED from src\main\AndroidManifest.xml:63:9-64:19
	android:name
		ADDED from src\main\AndroidManifest.xml:63:18-76
service#com.lik.android.main.LogLocationService
ADDED from src\main\AndroidManifest.xml:65:9-66:19
	android:name
		ADDED from src\main\AndroidManifest.xml:65:18-52
service#com.lik.android.main.InstantMessengerService
ADDED from src\main\AndroidManifest.xml:67:9-68:19
	android:name
		ADDED from src\main\AndroidManifest.xml:67:18-57
receiver#com.lik.android.main.ScreenReceiver
ADDED from src\main\AndroidManifest.xml:70:9-78:20
	android:enabled
		ADDED from src\main\AndroidManifest.xml:72:13-35
	android:permission
		ADDED from src\main\AndroidManifest.xml:73:13-69
	android:name
		ADDED from src\main\AndroidManifest.xml:71:13-43
intent-filter#Intent.ACTION_SCREEN_OFF+Intent.ACTION_SCREEN_ON
ADDED from src\main\AndroidManifest.xml:74:13-77:29
action#Intent.ACTION_SCREEN_ON
ADDED from src\main\AndroidManifest.xml:75:17-66
	android:name
		ADDED from src\main\AndroidManifest.xml:75:25-63
action#Intent.ACTION_SCREEN_OFF
ADDED from src\main\AndroidManifest.xml:76:17-67
	android:name
		ADDED from src\main\AndroidManifest.xml:76:25-64
receiver#com.lik.android.main.ScreenReceiverForInstantMessenger
ADDED from src\main\AndroidManifest.xml:79:9-87:20
	android:enabled
		ADDED from src\main\AndroidManifest.xml:81:13-35
	android:permission
		ADDED from src\main\AndroidManifest.xml:82:13-69
	android:name
		ADDED from src\main\AndroidManifest.xml:80:13-62
receiver#com.lik.android.main.DateTimeChangedReceiver
ADDED from src\main\AndroidManifest.xml:88:9-95:20
	android:enabled
		ADDED from src\main\AndroidManifest.xml:90:13-35
	android:permission
		ADDED from src\main\AndroidManifest.xml:91:13-69
	android:name
		ADDED from src\main\AndroidManifest.xml:89:13-52
intent-filter#Intent.ACTION_TIME_CHANGED
ADDED from src\main\AndroidManifest.xml:92:13-94:29
action#Intent.ACTION_TIME_CHANGED
ADDED from src\main\AndroidManifest.xml:93:17-69
	android:name
		ADDED from src\main\AndroidManifest.xml:93:25-66
activity#com.lik.android.main.TestActivity
ADDED from src\main\AndroidManifest.xml:97:9-100:20
	android:label
		ADDED from src\main\AndroidManifest.xml:99:13-56
	android:name
		ADDED from src\main\AndroidManifest.xml:98:13-41
uses-library#com.google.android.maps
ADDED from src\main\AndroidManifest.xml:102:9-104:40
	android:required
		ADDED from src\main\AndroidManifest.xml:104:13-37
	android:name
		ADDED from src\main\AndroidManifest.xml:103:13-51
activity#com.lik.android.main.SetCompanyActivity
ADDED from src\main\AndroidManifest.xml:106:9-109:20
	android:label
		ADDED from src\main\AndroidManifest.xml:108:13-63
	android:name
		ADDED from src\main\AndroidManifest.xml:107:13-47